Building DAG of jobs...
Using shell: /bin/bash
Provided cores: 1 (use --cores to define parallelism)
Rules claiming more threads will be scaled down.
Job stats:
job               count
--------------  -------
all                   1
generate_plots        1
total                 2

Select jobs to execute...

[Sun Mar 15 22:48:33 2026]
rule generate_plots:
    input: results/barcode77_summary.csv
    output: results/plot_length_dist.png, results/plot_gc_dist.png, results/plot_quality_dist.png
    jobid: 2
    reason: Code has changed since last execution
    resources: tmpdir=/var/folders/jr/qlgnxp0d3_nb50fz_d9fqbkm0000gn/T

Waiting at most 5 seconds for missing files.
MissingOutputException in rule generate_plots in file /Users/sahra/Desktop/kilic_pipeline/Snakefile, line 16:
Job 2  completed successfully, but some output files are missing. Missing files after 5 seconds. This might be due to filesystem latency. If that is the case, consider to increase the wait time with --latency-wait:
results/plot_length_dist.png
results/plot_gc_dist.png
results/plot_quality_dist.png
Shutting down, this might take some time.
Exiting because a job execution failed. Look above for error message
Complete log: .snakemake/log/2026-03-15T224833.085191.snakemake.log
